<?xml version="1.0" encoding="UTF-8"?>
<!-- Generated by org.testng.reporters.JUnitReportReporter -->
<testsuite skipped="0" hostname="DESKTOP-IPRP17D" name="com.syntax.testcases.ExcelDemo" tests="1" failures="0" timestamp="15 Jun 2019 14:05:54 GMT" time="0.518" errors="0">
  <testcase name="readExcel" time="0.518" classname="com.syntax.testcases.ExcelDemo"/>
</testsuite> <!-- com.syntax.testcases.ExcelDemo -->
