<?xml version="1.0" encoding="UTF-8"?>
<!-- Generated by org.testng.reporters.JUnitReportReporter -->
<testsuite skipped="0" hostname="DESKTOP-IPRP17D" name="com.syntax.testcases.LoginPageTest" tests="3" failures="0" timestamp="18 Jun 2019 20:58:32 GMT" time="20.531" errors="0">
  <testcase name="loginFailedEmptyCredentials" time="4.975" classname="com.syntax.testcases.LoginPageTest"/>
  <testcase name="loginToOrangeHRM" time="7.638" classname="com.syntax.testcases.LoginPageTest"/>
  <testcase name="doLogin" time="7.918" classname="com.syntax.testcases.LoginPageTest"/>
</testsuite> <!-- com.syntax.testcases.LoginPageTest -->
