<?xml version="1.0" encoding="UTF-8"?>
<!-- Generated by org.testng.reporters.JUnitReportReporter -->
<testsuite skipped="0" hostname="DESKTOP-IPRP17D" name="com.syntax.practice.UserDirPath" tests="1" failures="0" timestamp="16 Jun 2019 17:12:56 GMT" time="0.012" errors="0">
  <testcase name="printPath" time="0.012" classname="com.syntax.practice.UserDirPath"/>
</testsuite> <!-- com.syntax.practice.UserDirPath -->
